<?xml version="1.0" encoding="UTF-8"?>
<!-- Generated by org.testng.reporters.JUnitReportReporter -->
<testsuite hostname="sakoar-macpro.local" name="com.my.basic.test.Test_RemoveDeviceTest" tests="1" failures="0" timestamp="7 Dec 2016 20:51:38 GMT" time="67.736" errors="0">
  <testcase name="RemoveDeviceTest" time="67.736" classname="com.my.basic.test.Test_RemoveDeviceTest"/>
</testsuite> <!-- com.my.basic.test.Test_RemoveDeviceTest -->
