<?xml version="1.0" encoding="UTF-8"?>
<!-- Generated by org.testng.reporters.JUnitReportReporter -->
<testsuite hostname="sakoar-macpro.local" name="com.my.basic.test.Test_DA_CreateNewExternalUserTest" tests="1" failures="0" timestamp="7 Dec 2016 19:54:06 GMT" time="83.461" errors="0">
  <testcase name="CreateNewUserTest" time="83.461" classname="com.my.basic.test.Test_DA_CreateNewExternalUserTest"/>
</testsuite> <!-- com.my.basic.test.Test_DA_CreateNewExternalUserTest -->
