<?xml version="1.0" encoding="UTF-8"?>
<!-- Generated by org.testng.reporters.JUnitReportReporter -->
<testsuite name="com.my.basic.test.NewTest" tests="1" time="0.014" ignored="0" failures="0" timestamp="06 Dec 2016 11:52:35 GMT" skipped="0" hostname="sakoar-macpro.local" errors="0">
  <testcase name="f" time="0.014" classname="com.my.basic.test.NewTest"/>
</testsuite> <!-- com.my.basic.test.NewTest -->
