<?xml version="1.0" encoding="UTF-8"?>
<!-- Generated by org.testng.reporters.JUnitReportReporter -->
<testsuite hostname="sakoar-macpro.local" name="com.my.basic.test.Test_RemoveContactTest" tests="1" failures="0" timestamp="7 Dec 2016 20:31:58 GMT" time="59.627" errors="0">
  <testcase name="deleteContact" time="59.627" classname="com.my.basic.test.Test_RemoveContactTest"/>
</testsuite> <!-- com.my.basic.test.Test_RemoveContactTest -->
