<?xml version="1.0" encoding="UTF-8"?>
<!-- Generated by org.testng.reporters.JUnitReportReporter -->
<testsuite hostname="sakoar-macpro.local" name="com.my.basic.test.CreateServiceRequestBF" tests="1" failures="0" timestamp="6 Dec 2016 13:10:46 GMT" time="52.619" errors="0">
  <testcase name="CreateServiceReqst_BF" time="52.619" classname="com.my.basic.test.CreateServiceRequestBF"/>
</testsuite> <!-- com.my.basic.test.CreateServiceRequestBF -->
