<?xml version="1.0" encoding="UTF-8"?>
<!-- Generated by org.testng.reporters.JUnitReportReporter -->
<testsuite hostname="sakoar-macpro.local" name="com.my.basic.test.ThisIsTest" tests="1" failures="0" timestamp="6 Dec 2016 13:10:46 GMT" time="0.016" errors="0">
  <testcase name="test2" time="0.016" classname="com.my.basic.test.ThisIsTest"/>
</testsuite> <!-- com.my.basic.test.ThisIsTest -->
