<?xml version="1.0" encoding="UTF-8"?>
<!-- Generated by org.testng.reporters.JUnitReportReporter -->
<testsuite hostname="sakoar-macpro.local" name="com.my.basic.test.NewTest2" tests="1" failures="0" timestamp="6 Dec 2016 12:07:19 GMT" time="0.001" errors="0">
  <testcase name="test2" time="0.001" classname="com.my.basic.test.NewTest2"/>
</testsuite> <!-- com.my.basic.test.NewTest2 -->
