<?xml version="1.0" encoding="UTF-8"?>
<!-- Generated by org.testng.reporters.JUnitReportReporter -->
<testsuite hostname="D-184004960" name="com.my.basic.test.Test_RemoveDeviceTest" tests="1" failures="0" timestamp="8 Dec 2016 06:23:59 GMT" time="44.553" errors="0">
  <testcase name="RemoveDeviceTest" time="44.553" classname="com.my.basic.test.Test_RemoveDeviceTest"/>
</testsuite> <!-- com.my.basic.test.Test_RemoveDeviceTest -->
