<?xml version="1.0" encoding="UTF-8"?>
<!-- Generated by org.testng.reporters.JUnitReportReporter -->
<testsuite hostname="D-184004960" name="com.my.basic.test.Test_DA_CreateNewExternalUserTest" tests="1" failures="0" timestamp="8 Dec 2016 06:23:59 GMT" time="32.289" errors="0">
  <testcase name="CreateNewUserTest" time="32.289" classname="com.my.basic.test.Test_DA_CreateNewExternalUserTest"/>
</testsuite> <!-- com.my.basic.test.Test_DA_CreateNewExternalUserTest -->
