<?xml version="1.0" encoding="UTF-8"?>
<!-- Generated by org.testng.reporters.JUnitReportReporter -->
<testsuite hostname="D-184004960" name="com.my.basic.test.Test_RemoveContactTest" tests="1" failures="0" timestamp="8 Dec 2016 06:23:59 GMT" time="48.538" errors="0">
  <testcase name="deleteContact" time="48.538" classname="com.my.basic.test.Test_RemoveContactTest"/>
</testsuite> <!-- com.my.basic.test.Test_RemoveContactTest -->
