<?xml version="1.0" encoding="UTF-8"?>
<!-- Generated by org.testng.reporters.JUnitReportReporter -->
<testsuite hostname="sakoar-macpro.local" name="com.my.basic.test.AddShippingLinkTest" tests="1" failures="0" timestamp="7 Dec 2016 20:57:39 GMT" time="30.881" errors="0">
  <testcase name="updateContact" time="30.881" classname="com.my.basic.test.AddShippingLinkTest"/>
</testsuite> <!-- com.my.basic.test.AddShippingLinkTest -->
