<?xml version="1.0" encoding="UTF-8"?>
<!-- Generated by org.testng.reporters.JUnitReportReporter -->
<testsuite hostname="D-184004960" name="com.my.basic.test.AddShippingLinkTest" tests="1" failures="0" timestamp="8 Dec 2016 06:23:59 GMT" time="21.655" errors="0">
  <testcase name="updateContact" time="21.655" classname="com.my.basic.test.AddShippingLinkTest"/>
</testsuite> <!-- com.my.basic.test.AddShippingLinkTest -->
