<?xml version="1.0" encoding="UTF-8"?>
<!-- Generated by org.testng.reporters.JUnitReportReporter -->
<testsuite hostname="D-184004960" name="com.mps.test.CreateServiceRequestBF" tests="1" failures="0" timestamp="7 Dec 2016 06:58:26 GMT" time="61.190" errors="0">
  <testcase name="CreateServiceReqst_BF" time="61.190" classname="com.mps.test.CreateServiceRequestBF"/>
</testsuite> <!-- com.mps.test.CreateServiceRequestBF -->
