<?xml version="1.0" encoding="UTF-8"?>
<!-- Generated by org.testng.reporters.JUnitReportReporter -->
<testsuite hostname="D-184004960" name="com.lexmark.automation.mps.test.Test_PortalAdmin_HomePageNotification" tests="1" failures="0" timestamp="1 Dec 2016 10:25:53 GMT" time="109.279" errors="0">
  <testcase name="homePageNotification" time="109.279" classname="com.lexmark.automation.mps.test.Test_PortalAdmin_HomePageNotification"/>
</testsuite> <!-- com.lexmark.automation.mps.test.Test_PortalAdmin_HomePageNotification -->
