<?xml version="1.0" encoding="UTF-8"?>
<!-- Generated by org.testng.reporters.JUnitReportReporter -->
<testsuite hostname="D-184004960" name="com.lexmark.automation.mps.test.Test_Requests_MADC_ChangeDevice_MultipleDevices" tests="1" failures="0" timestamp="18 Nov 2016 10:35:19 GMT" time="88.794" errors="0">
  <testcase name="registerDevice" time="88.794" classname="com.lexmark.automation.mps.test.Test_Requests_MADC_ChangeDevice_MultipleDevices"/>
</testsuite> <!-- com.lexmark.automation.mps.test.Test_Requests_MADC_ChangeDevice_MultipleDevices -->
