<?xml version="1.0" encoding="UTF-8"?>
<!-- Generated by org.testng.reporters.JUnitReportReporter -->
<testsuite hostname="D-184004960" name="com.lexmark.automation.mps.test.Test_MADC_NonLexmark_AddDevice" tests="1" failures="0" timestamp="17 Nov 2016 12:47:43 GMT" time="72.892" errors="0">
  <testcase name="registerDevice" time="72.892" classname="com.lexmark.automation.mps.test.Test_MADC_NonLexmark_AddDevice"/>
</testsuite> <!-- com.lexmark.automation.mps.test.Test_MADC_NonLexmark_AddDevice -->
