<?xml version="1.0" encoding="UTF-8"?>
<!-- Generated by org.testng.reporters.JUnitReportReporter -->
<testsuite hostname="sakoar-macpro.dhcp.lexmark.com" name="com.lexmark.automation.mps.test.CreateServiceRequestBF" tests="2" failures="0" timestamp="28 Sep 2016 20:06:09 GMT" time="38.373" errors="0">
  <testcase name="selectButton" time="33.742" classname="com.lexmark.automation.mps.test.CreateServiceRequestBF"/>
  <testcase name="Login" time="4.631" classname="com.lexmark.automation.mps.test.CreateServiceRequestBF"/>
</testsuite> <!-- com.lexmark.automation.mps.test.CreateServiceRequestBF -->
