<?xml version="1.0" encoding="UTF-8"?>
<!-- Generated by org.testng.reporters.JUnitReportReporter -->
<testsuite hostname="D-184004960" name="com.lexmark.automation.mps.test.Test_OrderSupplies" tests="1" failures="0" timestamp="11 Nov 2016 06:47:12 GMT" time="47.630" errors="0">
  <testcase name="orderSupplies" time="47.630" classname="com.lexmark.automation.mps.test.Test_OrderSupplies"/>
</testsuite> <!-- com.lexmark.automation.mps.test.Test_OrderSupplies -->
