<?xml version="1.0" encoding="UTF-8"?>
<!-- Generated by org.testng.reporters.JUnitReportReporter -->
<testsuite hostname="D-184004960" name="com.mps.test.Test_MADC_NonLexmark_AddDevice" tests="1" failures="0" timestamp="6 Dec 2016 14:23:01 GMT" time="73.277" errors="0">
  <testcase name="registerDevice" time="73.277" classname="com.mps.test.Test_MADC_NonLexmark_AddDevice"/>
</testsuite> <!-- com.mps.test.Test_MADC_NonLexmark_AddDevice -->
