<?xml version="1.0" encoding="UTF-8"?>
<!-- Generated by org.testng.reporters.JUnitReportReporter -->
<testsuite hostname="D-184004960" name="com.lexmark.automation.mps.test.Test_SR_BreakFix_Search" tests="1" failures="0" timestamp="23 Nov 2016 12:46:16 GMT" time="202.199" errors="0">
  <testcase name="search" time="202.199" classname="com.lexmark.automation.mps.test.Test_SR_BreakFix_Search"/>
</testsuite> <!-- com.lexmark.automation.mps.test.Test_SR_BreakFix_Search -->
