<?xml version="1.0" encoding="UTF-8"?>
<!-- Generated by org.testng.reporters.JUnitReportReporter -->
<testsuite hostname="D-184004960" name="com.mps.test.Test_DA_CreateNewExternalUser" tests="1" failures="0" timestamp="7 Dec 2016 12:14:31 GMT" time="31.923" errors="0">
  <testcase name="CreateNewUserTest" time="31.923" classname="com.mps.test.Test_DA_CreateNewExternalUser"/>
</testsuite> <!-- com.mps.test.Test_DA_CreateNewExternalUser -->
