<?xml version="1.0" encoding="UTF-8"?>
<!-- Generated by org.testng.reporters.JUnitReportReporter -->
<testsuite hostname="D-184004960" name="com.mps.test.userCreationTest" tests="1" failures="0" timestamp="6 Dec 2016 14:23:01 GMT" time="62.595" errors="0">
  <testcase name="CreateNewUserTest" time="62.595" classname="com.mps.test.userCreationTest"/>
</testsuite> <!-- com.mps.test.userCreationTest -->
