<?xml version="1.0" encoding="UTF-8"?>
<!-- Generated by org.testng.reporters.JUnitReportReporter -->
<testsuite hostname="D-184004960" name="com.mps.test.Test_PortalAdmin_HomePageNotification" tests="1" failures="0" timestamp="6 Dec 2016 14:23:01 GMT" time="167.687" errors="0">
  <testcase name="homePageNotification" time="167.687" classname="com.mps.test.Test_PortalAdmin_HomePageNotification"/>
</testsuite> <!-- com.mps.test.Test_PortalAdmin_HomePageNotification -->
