<?xml version="1.0" encoding="UTF-8"?>
<!-- Generated by org.testng.reporters.JUnitReportReporter -->
<testsuite hostname="D-184004960" name="com.lexmark.automation.mps.test.Test_DeviceList" tests="1" failures="0" timestamp="9 Nov 2016 08:02:19 GMT" time="21.664" errors="0">
  <testcase name="deviceOverview" time="21.664" classname="com.lexmark.automation.mps.test.Test_DeviceList"/>
</testsuite> <!-- com.lexmark.automation.mps.test.Test_DeviceList -->
