<?xml version="1.0" encoding="UTF-8"?>
<!-- Generated by org.testng.reporters.JUnitReportReporter -->
<testsuite hostname="D-184004960" name="com.mps.test.Test_Orders_AccessoriesRequest_ShipAndBill" tests="1" failures="0" timestamp="6 Dec 2016 14:23:01 GMT" time="130.075" errors="0">
  <testcase name="accessoriesRequest" time="130.075" classname="com.mps.test.Test_Orders_AccessoriesRequest_ShipAndBill"/>
</testsuite> <!-- com.mps.test.Test_Orders_AccessoriesRequest_ShipAndBill -->
