<?xml version="1.0" encoding="UTF-8"?>
<!-- Generated by org.testng.reporters.JUnitReportReporter -->
<testsuite hostname="D-184004960" name="com.lexmark.automation.mps.test.Test_PortalAdmin_DocUpload" tests="1" failures="0" timestamp="25 Nov 2016 05:23:56 GMT" time="92.725" errors="0">
  <testcase name="updateContact" time="92.725" classname="com.lexmark.automation.mps.test.Test_PortalAdmin_DocUpload"/>
</testsuite> <!-- com.lexmark.automation.mps.test.Test_PortalAdmin_DocUpload -->
