<?xml version="1.0" encoding="UTF-8"?>
<!-- Generated by org.testng.reporters.JUnitReportReporter -->
<testsuite hostname="D-184004960" name="com.lexmark.automation.mps.test.Test_CreateContact" tests="1" failures="0" timestamp="7 Nov 2016 16:07:53 GMT" time="27.616" errors="0">
  <testcase name="contactCreation" time="27.616" classname="com.lexmark.automation.mps.test.Test_CreateContact"/>
</testsuite> <!-- com.lexmark.automation.mps.test.Test_CreateContact -->
