<?xml version="1.0" encoding="UTF-8"?>
<!-- Generated by org.testng.reporters.JUnitReportReporter -->
<testsuite hostname="D-184004960" name="com.lexmark.automation.mps.test.Test_UpdateUser" tests="1" failures="0" timestamp="14 Nov 2016 11:52:30 GMT" time="76.879" errors="0">
  <testcase name="orderSupplies" time="76.879" classname="com.lexmark.automation.mps.test.Test_UpdateUser"/>
</testsuite> <!-- com.lexmark.automation.mps.test.Test_UpdateUser -->
