<?xml version="1.0" encoding="UTF-8"?>
<!-- Generated by org.testng.reporters.JUnitReportReporter -->
<testsuite hostname="D-184004960" name="com.lexmark.automation.mps.test.Test_PrinterBundle_LexmarkTOInstallation" tests="1" failures="0" timestamp="6 Dec 2016 06:20:39 GMT" time="73.579" errors="0">
  <testcase name="homePageNotification" time="73.579" classname="com.lexmark.automation.mps.test.Test_PrinterBundle_LexmarkTOInstallation"/>
</testsuite> <!-- com.lexmark.automation.mps.test.Test_PrinterBundle_LexmarkTOInstallation -->
