<?xml version="1.0" encoding="UTF-8"?>
<!-- Generated by org.testng.reporters.JUnitReportReporter -->
<testsuite hostname="D-184004960" name="com.mps.test.AccountSelectionTest" tests="2" failures="0" timestamp="7 Dec 2016 06:02:45 GMT" time="223.144" errors="0">
  <testcase name="accountSelection" time="112.238" classname="com.mps.test.AccountSelectionTest"/>
  <testcase name="authorizationVerification" time="110.906" classname="com.mps.test.AccountSelectionTest"/>
</testsuite> <!-- com.mps.test.AccountSelectionTest -->
