<?xml version="1.0" encoding="UTF-8"?>
<!-- Generated by org.testng.reporters.JUnitReportReporter -->
<testsuite hostname="D-184004960" name="com.mps.test.Test_RemoveContact" tests="1" failures="0" timestamp="7 Dec 2016 12:54:03 GMT" time="35.539" errors="0">
  <testcase name="deleteContact" time="35.539" classname="com.mps.test.Test_RemoveContact"/>
</testsuite> <!-- com.mps.test.Test_RemoveContact -->
