<?xml version="1.0" encoding="UTF-8"?>
<!-- Generated by org.testng.reporters.JUnitReportReporter -->
<testsuite hostname="D-184004960" name="com.lexmark.automation.mps.test.Test_Orders_AccessoriesRequest_ShipAndBill" tests="1" failures="0" timestamp="2 Dec 2016 07:23:15 GMT" time="101.700" errors="0">
  <testcase name="accessoriesRequest" time="101.700" classname="com.lexmark.automation.mps.test.Test_Orders_AccessoriesRequest_ShipAndBill"/>
</testsuite> <!-- com.lexmark.automation.mps.test.Test_Orders_AccessoriesRequest_ShipAndBill -->
