<?xml version="1.0" encoding="UTF-8"?>
<!-- Generated by org.testng.reporters.JUnitReportReporter -->
<testsuite hostname="D-184004960" name="com.mps.test.RemoveDevice" tests="1" failures="0" timestamp="7 Dec 2016 10:12:04 GMT" time="45.427" errors="0">
  <testcase name="RemoveDeviceTest" time="45.427" classname="com.mps.test.RemoveDevice"/>
</testsuite> <!-- com.mps.test.RemoveDevice -->
