<?xml version="1.0" encoding="UTF-8"?>
<!-- Generated by org.testng.reporters.JUnitReportReporter -->
<testsuite hostname="D-184004960" name="com.lexmark.automation.mps.test.Test_Requests_MADC_ManageRequests" tests="1" failures="0" timestamp="17 Nov 2016 10:37:05 GMT" time="74.764" errors="0">
  <testcase name="registerDevice" time="74.764" classname="com.lexmark.automation.mps.test.Test_Requests_MADC_ManageRequests"/>
</testsuite> <!-- com.lexmark.automation.mps.test.Test_Requests_MADC_ManageRequests -->
