<?xml version="1.0" encoding="UTF-8"?>
<!-- Generated by org.testng.reporters.JUnitReportReporter -->
<testsuite hostname="D-184004960" name="com.lexmark.automation.mps.test.TestManagedServicesVerification" tests="3" failures="0" timestamp="29 Nov 2016 06:12:54 GMT" time="236.239" errors="0">
  <testcase name="verifyDeviceChangeReqLinks" time="52.448" classname="com.lexmark.automation.mps.test.TestManagedServicesVerification"/>
  <testcase name="verifyServiceReqLinks" time="81.687" classname="com.lexmark.automation.mps.test.TestManagedServicesVerification"/>
  <testcase name="verifyOrdersLinks" time="102.104" classname="com.lexmark.automation.mps.test.TestManagedServicesVerification"/>
</testsuite> <!-- com.lexmark.automation.mps.test.TestManagedServicesVerification -->
