<?xml version="1.0" encoding="UTF-8"?>
<!-- Generated by org.testng.reporters.JUnitReportReporter -->
<testsuite hostname="jgaworsk-w10.lexmark.com" name="com.lexmark.automation.mps.test.TestToFail" tests="2" failures="0" timestamp="16 Sep 2016 16:23:59 GMT" time="0.088" errors="0">
  <testcase name="UnitTest" time="0.001" classname="com.lexmark.automation.mps.test.TestToFail"/>
  <testcase name="Test2" time="0.087" classname="com.lexmark.automation.mps.test.TestToFail"/>
</testsuite> <!-- com.lexmark.automation.mps.test.TestToFail -->
