<?xml version="1.0" encoding="UTF-8"?>
<!-- Generated by org.testng.reporters.JUnitReportReporter -->
<testsuite hostname="sakoar-macpro.local" name="com.lexmark.automation.mps.test.CreateSupplyOrders" tests="2" failures="0" timestamp="24 Sep 2016 22:06:39 GMT" time="20.480" errors="0">
  <testcase name="Login" time="3.127" classname="com.lexmark.automation.mps.test.CreateSupplyOrders"/>
  <testcase name="selectButton" time="17.353" classname="com.lexmark.automation.mps.test.CreateSupplyOrders"/>
</testsuite> <!-- com.lexmark.automation.mps.test.CreateSupplyOrders -->
