<?xml version="1.0" encoding="UTF-8"?>
<!-- Generated by org.testng.reporters.JUnitReportReporter -->
<testsuite hostname="mullins1-w7.lexmark.com" name="com.lexmark.automation.mps.test.HomePageDeviceSearch" tests="2" failures="0" timestamp="7 Sep 2016 19:52:55 GMT" time="30.315" errors="0">
  <testcase name="Login" time="2.092" classname="com.lexmark.automation.mps.test.HomePageDeviceSearch"/>
  <testcase name="CreateBF" time="28.223" classname="com.lexmark.automation.mps.test.HomePageDeviceSearch"/>
</testsuite> <!-- com.lexmark.automation.mps.test.HomePageDeviceSearch -->
