<?xml version="1.0" encoding="UTF-8"?>
<!-- Generated by org.testng.reporters.JUnitReportReporter -->
<testsuite hostname="SELIAS1-WIN7.lexmark.com" name="com.lexmark.automation.mps.test.Home_Page" tests="2" failures="0" timestamp="7 Sep 2016 15:28:35 GMT" time="17.994" errors="0">
  <testcase name="Login" time="10.568" classname="com.lexmark.automation.mps.test.Home_Page"/>
  <testcase name="HomePage" time="7.426" classname="com.lexmark.automation.mps.test.Home_Page"/>
</testsuite> <!-- com.lexmark.automation.mps.test.Home_Page -->
