<?xml version="1.0" encoding="UTF-8"?>
<!-- Generated by org.testng.reporters.JUnitReportReporter -->
<testsuite hostname="D-184004960" name="com.lexmark.automation.mps.test.AccountSelectionTest" tests="2" failures="0" timestamp="6 Dec 2016 06:33:18 GMT" time="193.332" errors="0">
  <testcase name="authorizationVerification" time="95.965" classname="com.lexmark.automation.mps.test.AccountSelectionTest"/>
  <testcase name="accountSelection" time="97.367" classname="com.lexmark.automation.mps.test.AccountSelectionTest"/>
</testsuite> <!-- com.lexmark.automation.mps.test.AccountSelectionTest -->
