<?xml version="1.0" encoding="UTF-8"?>
<!-- Generated by org.testng.reporters.JUnitReportReporter -->
<testsuite hostname="D-184004960" name="com.mps.test.Test_RemoveAddress" tests="1" failures="0" timestamp="7 Dec 2016 13:50:55 GMT" time="35.904" errors="0">
  <testcase name="RemoveAddressTest" time="35.904" classname="com.mps.test.Test_RemoveAddress"/>
</testsuite> <!-- com.mps.test.Test_RemoveAddress -->
