<?xml version="1.0" encoding="UTF-8"?>
<!-- Generated by org.testng.reporters.JUnitReportReporter -->
<testsuite hostname="D-184004960" name="com.lexmark.automation.mps.test.Test_AddShippingLink" tests="1" failures="0" timestamp="28 Nov 2016 06:23:02 GMT" time="22.393" errors="0">
  <testcase name="updateContact" time="22.393" classname="com.lexmark.automation.mps.test.Test_AddShippingLink"/>
</testsuite> <!-- com.lexmark.automation.mps.test.Test_AddShippingLink -->
