<?xml version="1.0" encoding="UTF-8"?>
<!-- Generated by org.testng.reporters.JUnitReportReporter -->
<testsuite hostname="D-184004960" name="com.lexmark.automation.mps.test.Test_DeviceMove" tests="1" failures="0" timestamp="24 Nov 2016 13:54:54 GMT" time="66.652" errors="0">
  <testcase name="updateContact" time="66.652" classname="com.lexmark.automation.mps.test.Test_DeviceMove"/>
</testsuite> <!-- com.lexmark.automation.mps.test.Test_DeviceMove -->
